 THIS SOFTWARE AND ANY ACCOMPANYING DOCUMENTATION
 IS RELEASED "AS IS".  THE U.S. GOVERNMENT MAKES NO
 WARRANTY OF ANY KIND, EXPRESS OR IMPLIED, CONCERNING
 THIS SOFTWARE AND ANY ACCOMPANYING DOCUMENTATION,
 INCLUDING, WITHOUT LIMITATION, ANY WARRANTIES OF
 MERCHANTABILITY OR FITNESS FOR A PARTICULAR PURPOSE.
 IN NO EVENT WILL THE U.S. GOVERNMENT BE LIABLE FOR ANY
 DAMAGES, INCLUDING LOST PROFITS, LOST SAVINGS OR OTHER
 INCIDENTAL OR CONSEQUENTIAL DAMAGES ARISING OUT OF THE 
 USE, OR INABILITY TO USE, THIS SOFTWARE OR ANY
 ACCOMPANYING DOCUMENTATION, EVEN IF INFORMED IN ADVANCE
 OF THE POSSIBILITY OF SUCH DAMAGES.
  ****************************************************
  *    USAF STABILITY AND CONTROL  DIGITAL DATCOM    *
  *    PROGRAM REV. JAN 96   DIRECT INQUIRIES TO:    *
  *    WRIGHT LABORATORY  (WL/FIGC)  ATTN: W. BLAKE  *
  *      WRIGHT PATTERSON AFB, OHIO  45433           *
  *    PHONE (513) 255-6764,   FAX (513) 258-4054    *
  ****************************************************
 Preparing to start the big loop
 At 1000
1                         CONERR - INPUT ERROR CHECKING
0 ERROR CODES - N* DENOTES THE NUMBER OF OCCURENCES OF EACH ERROR
0 A - UNKNOWN VARIABLE NAME
0 B - MISSING EQUAL SIGN FOLLOWING VARIABLE NAME
0 C - NON-ARRAY VARIABLE HAS AN ARRAY ELEMENT DESIGNATION - (N)
0 D - NON-ARRAY VARIABLE HAS MULTIPLE VALUES ASSIGNED
0 E - ASSIGNED VALUES EXCEED ARRAY DIMENSION
0 F - SYNTAX ERROR

0******************************  INPUT DATA CARDS  ******************************

  $FLTCON NMACH = 1.0, MACH(1)=0.042, NALPHA = 10.0,                             
          ALSCHD(1) = -4.0, -2.0, 0.0, 2.0, 4.0,                                 
                       6.0, 8.0, 10.0, 12.0, 14.0,                               
          NALT=1.0, ALT(1)=0.0, WT=12.74$                                        
  $OPTINS SREF=0.414, CBARR=0.23, BLREF=1.0$                                     
  $SYNTHS XCG=0.305, ZCG=0.0, XW=0.255, ZW=0.04,                                 
                       ALIW=4.5, XH=1.0, ZH=0.0,                                 
                       XV=0.915, ZV=0.0$                                         
  $BODY NX = 5.0,                                                                
    X(1)=0.0,0.08,0.23,0.43,1.0,                                                 
    S(1)=0.0036,0.0036,0.0048,0.00325,0.00135$                                   
 NACA-W-24.12                                                                    
  $WGPLNF CHRDTP=0.1, SSPN=1.0, SSPNOP=0.2,                                      
    SSPNE=0.975, SAVSI=0.0, SAVSO=0.0,                                           
    CHSTAT=1.0, DHDADO=4.0, CHRDBP=0.23,                                         
    CHRDR=0.23,                                                                  
    TWISTA=0.0, DHDADI=4.0, TYPE=1.0$                                            
 NACA-H-6-66-009                                                                 
  $HTPLNF CHRDTP=0.085, SSPN=0.2225,                                             
    SSPNE=0.2075, SAVSI=0.0,                                                     
    CHSTAT=1.0,                                                                  
    CHRDR=0.14,                                                                  
    TYPE=1.0$                                                                    
 NACA-V-6-66-009                                                                 
  $VTPLNF CHRDTP=0.07, SSPN=0.19,                                                
    SSPNE=0.17, SAVSI=43.36,                                                     
    CHSTAT=0.0,                                                                  
    CHRDR=0.215,                                                                 
    TYPE=1.0$                                                                    
  $ASYFLP STYPE=4.0, NDELTA=9.0, SPANFI=0.5,                                     
    SPANFO=0.9,                                                                  
    DELTAR(1)=-20.,-15.,-10.,-5.,0.,                                             
    5.,10.,15.,20.,                                                              
    DELTAL(1)=20.,15.,10.,5.,0.,                                                 
    -5.,-10.,-15.,-20.,                                                          
    CHRDFI=0.03,CHRDFO=0.03$                                                     
 DIM M                                                                           
 DAMP                                                                            
 CASEID CFDA UAV - CNda                                                          
 SAVE                                                                            
 NEXT CASE                                                                       
  $SYMFLP FTYPE=1.0, NDELTA=9.0, SPANFI=0.025,                                   
    SPANFO=0.2225,                                                               
    DELTA(1)=-20.,-15.,-10.,-5.,0.,                                              
    5.,10.,15.,20.,                                                              
    CHRDFI=0.04,CHRDFO=0.04, NTYPE=1.$                                           
 CASEID CFD UAV-CM                                                               
1          THE FOLLOWING IS A LIST OF ALL INPUT CARDS FOR THIS CASE.
0
  $FLTCON NMACH = 1.0, MACH(1)=0.042, NALPHA = 10.0,                             
          ALSCHD(1) = -4.0, -2.0, 0.0, 2.0, 4.0,                                 
                       6.0, 8.0, 10.0, 12.0, 14.0,                               
          NALT=1.0, ALT(1)=0.0, WT=12.74$                                        
  $OPTINS SREF=0.414, CBARR=0.23, BLREF=1.0$                                     
  $SYNTHS XCG=0.305, ZCG=0.0, XW=0.255, ZW=0.04,                                 
                       ALIW=4.5, XH=1.0, ZH=0.0,                                 
                       XV=0.915, ZV=0.0$                                         
  $BODY NX = 5.0,                                                                
    X(1)=0.0,0.08,0.23,0.43,1.0,                                                 
    S(1)=0.0036,0.0036,0.0048,0.00325,0.00135$                                   
 NACA-W-24.12                                                                    
  $WGPLNF CHRDTP=0.1, SSPN=1.0, SSPNOP=0.2,                                      
    SSPNE=0.975, SAVSI=0.0, SAVSO=0.0,                                           
    CHSTAT=1.0, DHDADO=4.0, CHRDBP=0.23,                                         
    CHRDR=0.23,                                                                  
    TWISTA=0.0, DHDADI=4.0, TYPE=1.0$                                            
 NACA-H-6-66-009                                                                 
  $HTPLNF CHRDTP=0.085, SSPN=0.2225,                                             
    SSPNE=0.2075, SAVSI=0.0,                                                     
    CHSTAT=1.0,                                                                  
    CHRDR=0.14,                                                                  
    TYPE=1.0$                                                                    
 NACA-V-6-66-009                                                                 
  $VTPLNF CHRDTP=0.07, SSPN=0.19,                                                
    SSPNE=0.17, SAVSI=43.36,                                                     
    CHSTAT=0.0,                                                                  
    CHRDR=0.215,                                                                 
    TYPE=1.0$                                                                    
  $ASYFLP STYPE=4.0, NDELTA=9.0, SPANFI=0.5,                                     
    SPANFO=0.9,                                                                  
    DELTAR(1)=-20.,-15.,-10.,-5.,0.,                                             
    5.,10.,15.,20.,                                                              
    DELTAL(1)=20.,15.,10.,5.,0.,                                                 
    -5.,-10.,-15.,-20.,                                                          
    CHRDFI=0.03,CHRDFO=0.03$                                                     
 DIM M                                                                           
 DAMP                                                                            
 CASEID CFDA UAV - CNda                                                          
 SAVE                                                                            
 NEXT CASE                                                                       
0 INPUT DIMENSIONS ARE IN M , SCALE FACTOR IS 1.0000

 Return to main program from M01O01
1                             AUTOMATED STABILITY AND CONTROL METHODS PER APRIL 1976 VERSION OF DATCOM   
                                                        WING SECTION DEFINITION
0                                 IDEAL ANGLE OF ATTACK =   0.50437 DEG.

                              ZERO LIFT ANGLE OF ATTACK =  -0.94733 DEG.

                                 IDEAL LIFT COEFFICIENT =   0.15390

                  ZERO LIFT PITCHING MOMENT COEFFICIENT =  -0.01717

                             MACH ZERO LIFT-CURVE-SLOPE =   0.10004 /DEG.

                                    LEADING EDGE RADIUS =   0.00000 FRACTION CHORD

                              MAXIMUM AIRFOIL THICKNESS =   0.00000 FRACTION CHORD

                                                DELTA-Y =   0.00000 PERCENT CHORD


0                         MACH= 0.0420 LIFT-CURVE-SLOPE =   0.10013 /DEG.      XAC =   0.25930
1                             AUTOMATED STABILITY AND CONTROL METHODS PER APRIL 1976 VERSION OF DATCOM   
                                                   HORIZONTAL TAIL SECTION DEFINITION
0                                 IDEAL ANGLE OF ATTACK =   0.00000 DEG.

                              ZERO LIFT ANGLE OF ATTACK =  -0.00000 DEG.

                                 IDEAL LIFT COEFFICIENT =   0.00000

                  ZERO LIFT PITCHING MOMENT COEFFICIENT =   0.00000

                             MACH ZERO LIFT-CURVE-SLOPE =   0.09870 /DEG.

                                    LEADING EDGE RADIUS =   0.00559 FRACTION CHORD

                              MAXIMUM AIRFOIL THICKNESS =   0.09000 FRACTION CHORD

                                                DELTA-Y =   1.52747 PERCENT CHORD


0                         MACH= 0.0420 LIFT-CURVE-SLOPE =   0.09881 /DEG.      XAC =   0.26230
1                             AUTOMATED STABILITY AND CONTROL METHODS PER APRIL 1976 VERSION OF DATCOM   
                                                    VERTICAL TAIL SECTION DEFINITION
0                                 IDEAL ANGLE OF ATTACK =   0.00000 DEG.

                              ZERO LIFT ANGLE OF ATTACK =  -0.00000 DEG.

                                 IDEAL LIFT COEFFICIENT =   0.00000

                  ZERO LIFT PITCHING MOMENT COEFFICIENT =   0.00000

                             MACH ZERO LIFT-CURVE-SLOPE =   0.09870 /DEG.

                                    LEADING EDGE RADIUS =   0.00559 FRACTION CHORD

                              MAXIMUM AIRFOIL THICKNESS =   0.09000 FRACTION CHORD

                                                DELTA-Y =   1.52747 PERCENT CHORD


0                         MACH= 0.0420 LIFT-CURVE-SLOPE =   0.09881 /DEG.      XAC =   0.26230
 Return to main program from M50O62
 Return to main program from M02O02
 Return to main program from M51O63
1                               AUTOMATED STABILITY AND CONTROL METHODS PER APRIL 1976 VERSION OF DATCOM
                                         CHARACTERISTICS AT ANGLE OF ATTACK AND IN SIDESLIP
                                        WING-BODY-VERTICAL TAIL-HORIZONTAL TAIL CONFIGURATION
                                                          CFDA UAV - CNda
 
 -----------------------  FLIGHT CONDITIONS  ------------------------           --------------  REFERENCE DIMENSIONS  ------------
  MACH    ALTITUDE   VELOCITY    PRESSURE    TEMPERATURE     REYNOLDS             REF.      REFERENCE LENGTH   MOMENT REF. CENTER
 NUMBER                                                       NUMBER              AREA       LONG.     LAT.     HORIZ      VERT
              M        M/SEC      N/ M**2       DEG K         1/ M                M**2         M         M         M         M
0 0.042       0.00      14.29   1.0133E+05     288.150     9.7397E+05             0.414      0.230     1.000     0.305     0.000
0                                                               -------------------DERIVATIVE (PER DEGREE)-------------------
0 ALPHA     CD       CL       CM       CN       CA       XCP        CLA          CMA          CYB          CNB          CLB
0
   -4.0    0.024    0.076    0.1015   0.074    0.029    1.364    9.205E-02   -2.149E-02   -2.467E-03    1.106E-03   -2.391E-03
   -2.0    0.035    0.260    0.0520   0.258    0.044    0.201    8.995E-02   -2.269E-02                             -2.408E-03
    0.0    0.057    0.436    0.0107   0.436    0.057    0.025    8.571E-02   -2.042E-02                             -2.422E-03
    2.0    0.086    0.603   -0.0296   0.605    0.065   -0.049    7.395E-02   -2.145E-02                             -2.434E-03
    4.0    0.114    0.732   -0.0751   0.738    0.063   -0.102    5.450E-02   -2.333E-02                             -2.437E-03
    6.0    0.135    0.820   -0.1229   0.830    0.049   -0.148    4.668E-02   -2.494E-02                             -2.430E-03
    8.0    0.163    0.919   -0.1749   0.932    0.033   -0.188    3.959E-02   -2.593E-02                             -2.426E-03
   10.0    0.180    0.979   -0.2267   0.995    0.007   -0.228    3.310E-02   -2.684E-02                             -2.413E-03
   12.0    0.203    1.051   -0.2822   1.070   -0.020   -0.264    3.723E-02   -2.779E-02                             -2.399E-03
   14.0    0.231    1.128   -0.3378   1.150   -0.049   -0.294    3.958E-02   -2.783E-02                             -2.384E-03
0                                    ALPHA     Q/QINF    EPSLON  D(EPSLON)/D(ALPHA)
0
                                     -4.0      0.989      0.534        0.359
                                     -2.0      0.920      1.252        0.353
                                      0.0      0.923      1.946        0.336
                                      2.0      0.993      2.597        0.302
                                      4.0      1.000      3.156        0.250
                                      6.0      1.000      3.596        0.201
                                      8.0      1.000      3.958        0.177
                                     10.0      1.000      4.305        0.157
                                     12.0      1.000      4.585        0.151
                                     14.0      1.000      4.907        0.161
1                               AUTOMATED STABILITY AND CONTROL METHODS PER APRIL 1976 VERSION OF DATCOM
                                                         DYNAMIC DERIVATIVES
                                        WING-BODY-VERTICAL TAIL-HORIZONTAL TAIL CONFIGURATION
                                                          CFDA UAV - CNda
 
 -----------------------  FLIGHT CONDITIONS  ------------------------           --------------  REFERENCE DIMENSIONS  ------------
  MACH    ALTITUDE   VELOCITY    PRESSURE    TEMPERATURE     REYNOLDS             REF.      REFERENCE LENGTH   MOMENT REF. CENTER
 NUMBER                                                       NUMBER              AREA       LONG.     LAT.     HORIZ      VERT
              M        M/SEC      N/ M**2       DEG K         1/ M                M**2         M         M         M         M
0 0.042       0.00      14.29   1.0133E+05     288.150     9.7397E+05             0.414      0.230     1.000     0.305     0.000
                                                    DYNAMIC DERIVATIVES (PER DEGREE)
0           -------PITCHING-------    -----ACCELERATION------    --------------ROLLING--------------    --------YAWING--------
0   ALPHA       CLQ          CMQ           CLAD         CMAD         CLP          CYP          CNP          CNR          CLR
0
    -4.00    1.093E-01   -1.903E-01     1.976E-02   -6.460E-02   -3.585E-02   -3.901E-03    8.193E-04   -1.929E-03    8.953E-04
    -2.00                               1.805E-02   -5.902E-02   -3.484E-02   -3.930E-03    1.608E-03   -2.162E-03    1.605E-03
     0.00                               1.725E-02   -5.640E-02   -3.332E-02   -4.020E-03    2.104E-03   -2.551E-03    2.292E-03
     2.00                               1.670E-02   -5.460E-02   -2.809E-02   -4.362E-03    1.361E-03   -3.062E-03    2.934E-03
     4.00                               1.389E-02   -4.541E-02   -1.960E-02   -5.028E-03   -8.246E-04   -3.530E-03    3.389E-03
     6.00                               1.116E-02   -3.647E-02   -1.662E-02   -5.393E-03   -1.837E-03   -3.866E-03    3.658E-03
     8.00                               9.865E-03   -3.225E-02   -1.364E-02   -5.866E-03   -3.140E-03   -4.295E-03    3.982E-03
    10.00                               8.717E-03   -2.850E-02   -1.094E-02   -6.224E-03   -4.242E-03   -4.526E-03    4.119E-03
    12.00                               8.372E-03   -2.737E-02   -1.298E-02   -6.192E-03   -3.923E-03   -4.853E-03    4.325E-03
    14.00                               8.968E-03   -2.932E-02   -1.392E-02   -6.292E-03   -3.977E-03   -5.225E-03    4.552E-03
0*** VEHICLE WEIGHT =     12.74 N. 
0*** LEVEL FLIGHT LIFT COEFFICIENT = 1.09405
1                            AUTOMATED STABILITY AND CONTROL METHODS PER APRIL 1976 VERSION OF DATCOM
                                         CHARACTERISTICS OF HIGH LIFT AND CONTROL DEVICES
                                            WING PLAIN TRAILING-EDGE FLAP CONFIGURATION
                                                          CFDA UAV - CNda
 -----------------------  FLIGHT CONDITIONS  ------------------------           --------------  REFERENCE DIMENSIONS  ------------
  MACH    ALTITUDE   VELOCITY    PRESSURE    TEMPERATURE     REYNOLDS             REF.      REFERENCE LENGTH   MOMENT REF. CENTER
 NUMBER                                                       NUMBER              AREA       LONG.     LAT.     HORIZ      VERT
              M        M/SEC      N/ M**2       DEG K         1/ M                M**2         M         M         M         M
0 0.042       0.00      14.29   4.4198E+01     933.606     9.0485E+04             0.414      0.230     1.000     0.305     0.000
0                           ----------YAWING MOMENT COEFFICIENT,CN,DUE TO CONTROL DEFLECTION----------
0(DELTAL-DELTAR)= 40.0        30.0        20.0        10.0         0.0       -10.0       -20.0       -30.0       -40.0
0ALPHA
0
  -4.0        -1.548E-03  -1.272E-03  -8.660E-04  -4.330E-04   0.000E+00   4.330E-04   8.660E-04   1.272E-03   1.548E-03
  -2.0        -3.649E-03  -2.999E-03  -2.041E-03  -1.021E-03   0.000E+00   1.021E-03   2.041E-03   2.999E-03   3.649E-03
   0.0        -5.689E-03  -4.676E-03  -3.182E-03  -1.591E-03   0.000E+00   1.591E-03   3.182E-03   4.676E-03   5.689E-03
   2.0        -7.607E-03  -6.251E-03  -4.255E-03  -2.127E-03   0.000E+00   2.127E-03   4.255E-03   6.251E-03   7.607E-03
   4.0        -9.017E-03  -7.410E-03  -5.044E-03  -2.522E-03   0.000E+00   2.522E-03   5.044E-03   7.410E-03   9.017E-03
   6.0        -9.914E-03  -8.148E-03  -5.545E-03  -2.773E-03   0.000E+00   2.773E-03   5.545E-03   8.148E-03   9.914E-03
   8.0        -1.096E-02  -9.010E-03  -6.132E-03  -3.066E-03   0.000E+00   3.066E-03   6.132E-03   9.010E-03   1.096E-02
  10.0        -1.150E-02  -9.450E-03  -6.432E-03  -3.216E-03   0.000E+00   3.216E-03   6.432E-03   9.450E-03   1.150E-02
  12.0        -1.222E-02  -1.004E-02  -6.836E-03  -3.418E-03   0.000E+00   3.418E-03   6.836E-03   1.004E-02   1.222E-02
  14.0        -1.300E-02  -1.068E-02  -7.271E-03  -3.636E-03   0.000E+00   3.636E-03   7.271E-03   1.068E-02   1.300E-02
0
0                                            DELTAL          DELTAR          (CL)ROLL
0
                                              20.0           -20.0            1.0774E-01
                                              15.0           -15.0            8.8540E-02
                                              10.0           -10.0            6.0262E-02
                                               5.0            -5.0            3.0131E-02
                                               0.0             0.0            0.0000E+00
                                              -5.0             5.0           -3.0131E-02
                                             -10.0            10.0           -6.0262E-02
                                             -15.0            15.0           -8.8540E-02
                                             -20.0            20.0           -1.0774E-01
 Return to main program from M57O71
1          THE FOLLOWING IS A LIST OF ALL INPUT CARDS FOR THIS CASE.
0
  $SYMFLP FTYPE=1.0, NDELTA=9.0, SPANFI=0.025,                                   
    SPANFO=0.2225,                                                               
    DELTA(1)=-20.,-15.,-10.,-5.,0.,                                              
    5.,10.,15.,20.,                                                              
    CHRDFI=0.04,CHRDFO=0.04, NTYPE=1.$                                           
 CASEID CFD UAV-CM                                                               
0 INPUT DIMENSIONS ARE IN M , SCALE FACTOR IS 1.0000

 Return to main program from M01O01
1                             AUTOMATED STABILITY AND CONTROL METHODS PER APRIL 1976 VERSION OF DATCOM   
                                                        WING SECTION DEFINITION
0                                 IDEAL ANGLE OF ATTACK =   0.50437 DEG.

                              ZERO LIFT ANGLE OF ATTACK =  -0.94733 DEG.

                                 IDEAL LIFT COEFFICIENT =   0.15390

                  ZERO LIFT PITCHING MOMENT COEFFICIENT =  -0.01717

                             MACH ZERO LIFT-CURVE-SLOPE =   0.10004 /DEG.

                                    LEADING EDGE RADIUS =   0.00000 FRACTION CHORD

                              MAXIMUM AIRFOIL THICKNESS =   0.00000 FRACTION CHORD

                                                DELTA-Y =   0.00000 PERCENT CHORD


0                         MACH= 0.0420 LIFT-CURVE-SLOPE =   0.10013 /DEG.      XAC =   0.25930
1                             AUTOMATED STABILITY AND CONTROL METHODS PER APRIL 1976 VERSION OF DATCOM   
                                                   HORIZONTAL TAIL SECTION DEFINITION
0                                 IDEAL ANGLE OF ATTACK =   0.00000 DEG.

                              ZERO LIFT ANGLE OF ATTACK =  -0.00000 DEG.

                                 IDEAL LIFT COEFFICIENT =   0.00000

                  ZERO LIFT PITCHING MOMENT COEFFICIENT =   0.00000

                             MACH ZERO LIFT-CURVE-SLOPE =   0.09870 /DEG.

                                    LEADING EDGE RADIUS =   0.00559 FRACTION CHORD

                              MAXIMUM AIRFOIL THICKNESS =   0.09000 FRACTION CHORD

                                                DELTA-Y =   1.52747 PERCENT CHORD


0                         MACH= 0.0420 LIFT-CURVE-SLOPE =   0.09881 /DEG.      XAC =   0.26230
1                             AUTOMATED STABILITY AND CONTROL METHODS PER APRIL 1976 VERSION OF DATCOM   
                                                    VERTICAL TAIL SECTION DEFINITION
0                                 IDEAL ANGLE OF ATTACK =   0.00000 DEG.

                              ZERO LIFT ANGLE OF ATTACK =  -0.00000 DEG.

                                 IDEAL LIFT COEFFICIENT =   0.00000

                  ZERO LIFT PITCHING MOMENT COEFFICIENT =   0.00000

                             MACH ZERO LIFT-CURVE-SLOPE =   0.09870 /DEG.

                                    LEADING EDGE RADIUS =   0.00559 FRACTION CHORD

                              MAXIMUM AIRFOIL THICKNESS =   0.09000 FRACTION CHORD

                                                DELTA-Y =   1.52747 PERCENT CHORD


0                         MACH= 0.0420 LIFT-CURVE-SLOPE =   0.09881 /DEG.      XAC =   0.26230
 Return to main program from M50O62
 Return to main program from M02O02
 Return to main program from M51O63
1                               AUTOMATED STABILITY AND CONTROL METHODS PER APRIL 1976 VERSION OF DATCOM
                                         CHARACTERISTICS AT ANGLE OF ATTACK AND IN SIDESLIP
                                        WING-BODY-VERTICAL TAIL-HORIZONTAL TAIL CONFIGURATION
                                                            CFD UAV-CM
 
 -----------------------  FLIGHT CONDITIONS  ------------------------           --------------  REFERENCE DIMENSIONS  ------------
  MACH    ALTITUDE   VELOCITY    PRESSURE    TEMPERATURE     REYNOLDS             REF.      REFERENCE LENGTH   MOMENT REF. CENTER
 NUMBER                                                       NUMBER              AREA       LONG.     LAT.     HORIZ      VERT
              M        M/SEC      N/ M**2       DEG K         1/ M                M**2         M         M         M         M
0 0.042       0.00      14.29   1.0133E+05     288.150     9.7397E+05             0.414      0.230     1.000     0.305     0.000
0                                                               -------------------DERIVATIVE (PER DEGREE)-------------------
0 ALPHA     CD       CL       CM       CN       CA       XCP        CLA          CMA          CYB          CNB          CLB
0
   -4.0    0.024    0.076    0.1015   0.074    0.029    1.364    9.205E-02   -2.149E-02   -2.467E-03    1.106E-03   -2.391E-03
   -2.0    0.035    0.260    0.0520   0.258    0.044    0.201    8.995E-02   -2.269E-02                             -2.408E-03
    0.0    0.057    0.436    0.0107   0.436    0.057    0.025    8.571E-02   -2.042E-02                             -2.422E-03
    2.0    0.086    0.603   -0.0296   0.605    0.065   -0.049    7.395E-02   -2.145E-02                             -2.434E-03
    4.0    0.114    0.732   -0.0751   0.738    0.063   -0.102    5.450E-02   -2.333E-02                             -2.437E-03
    6.0    0.135    0.820   -0.1229   0.830    0.049   -0.148    4.668E-02   -2.494E-02                             -2.430E-03
    8.0    0.163    0.919   -0.1749   0.932    0.033   -0.188    3.959E-02   -2.593E-02                             -2.426E-03
   10.0    0.180    0.979   -0.2267   0.995    0.007   -0.228    3.310E-02   -2.684E-02                             -2.413E-03
   12.0    0.203    1.051   -0.2822   1.070   -0.020   -0.264    3.723E-02   -2.779E-02                             -2.399E-03
   14.0    0.231    1.128   -0.3378   1.150   -0.049   -0.294    3.958E-02   -2.783E-02                             -2.384E-03
0                                    ALPHA     Q/QINF    EPSLON  D(EPSLON)/D(ALPHA)
0
                                     -4.0      0.989      0.534        0.359
                                     -2.0      0.920      1.252        0.353
                                      0.0      0.923      1.946        0.336
                                      2.0      0.993      2.597        0.302
                                      4.0      1.000      3.156        0.250
                                      6.0      1.000      3.596        0.201
                                      8.0      1.000      3.958        0.177
                                     10.0      1.000      4.305        0.157
                                     12.0      1.000      4.585        0.151
                                     14.0      1.000      4.907        0.161
0*** VEHICLE WEIGHT =     12.74 N. 
0*** LEVEL FLIGHT LIFT COEFFICIENT = 1.09405
1                            AUTOMATED STABILITY AND CONTROL METHODS PER APRIL 1976 VERSION OF DATCOM
                                         CHARACTERISTICS OF HIGH LIFT AND CONTROL DEVICES
                                            TAIL PLAIN TRAILING-EDGE FLAP CONFIGURATION
                                                            CFD UAV-CM
 -----------------------  FLIGHT CONDITIONS  ------------------------           --------------  REFERENCE DIMENSIONS  ------------
  MACH    ALTITUDE   VELOCITY    PRESSURE    TEMPERATURE     REYNOLDS             REF.      REFERENCE LENGTH   MOMENT REF. CENTER
 NUMBER                                                       NUMBER              AREA       LONG.     LAT.     HORIZ      VERT
              M        M/SEC      N/ M**2       DEG K         1/ M                M**2         M         M         M         M
0 0.042       0.00      14.29   4.4198E+01     933.606     9.0485E+04             0.414      0.230     1.000     0.305     0.000
0            ---------INCREMENTS DUE TO DEFLECTION---------              ---DERIVATIVES (PER DEGREE)---
0     DELTA     D(CL)     D(CM)    D(CL MAX)    D(CD MIN)                (CLA)D     (CH)A       (CH)D


      -20.0    -0.068     0.1995     0.049      0.00462                  NDM      -5.543E-03  -1.421E-02
      -15.0    -0.063     0.1863     0.039      0.00310                  NDM                  -1.347E-02
      -10.0    -0.044     0.1304     0.028      0.00155                  NDM                  -1.329E-02
       -5.0    -0.022     0.0652     0.014      0.00076                  NDM                  -1.329E-02
        0.0     0.000    -0.0001     0.000      0.00000                  NDM                  -1.329E-02
        5.0     0.022    -0.0652     0.014      0.00076                  NDM                  -1.329E-02
       10.0     0.044    -0.1304     0.028      0.00155                  NDM                  -1.329E-02
       15.0     0.063    -0.1863     0.039      0.00310                  NDM                  -1.347E-02
       20.0     0.068    -0.1999     0.049      0.00462                  NDM                  -1.421E-02
0  *** NOTE * HINGE MOMENT DERIVATIVES ARE BASED ON TWICE THE AREA-MOMENT OF THE CONTROL ABOUT ITS HINGE LINE

0            --------- INDUCED DRAG COEFFICIENT INCREMENT , D(CDI) , DUE TO DEFLECTION ---------
0       DELTA = -20.0     -15.0     -10.0      -5.0       0.0       5.0      10.0      15.0      20.0
   ALPHA
0
    -4.0        5.11E-03  4.63E-03  2.71E-03  1.05E-03 -1.47E-06 -4.26E-04 -2.33E-04  4.26E-04  6.29E-04
    -2.0        4.31E-03  3.88E-03  2.19E-03  7.83E-04 -9.45E-07 -1.63E-04  2.93E-04  1.18E-03  1.43E-03
     0.0       -5.33E-04 -6.66E-04 -9.97E-04 -8.08E-04  2.24E-06  1.43E-03  3.48E-03  5.73E-03  6.27E-03
     2.0        2.65E-03  2.32E-03  1.10E-03  2.38E-04  1.45E-07  3.82E-04  1.38E-03  2.74E-03  3.09E-03
     4.0        1.75E-03  1.48E-03  5.03E-04 -5.80E-05  7.37E-07  6.78E-04  1.97E-03  3.58E-03  3.99E-03
     6.0        7.76E-04  5.64E-04 -1.37E-04 -3.78E-04  1.38E-06  9.98E-04  2.61E-03  4.50E-03  4.96E-03
     8.0       -2.47E-04 -3.97E-04 -8.09E-04 -7.14E-04  2.05E-06  1.33E-03  3.29E-03  5.46E-03  5.99E-03
    10.0       -1.28E-03 -1.37E-03 -1.49E-03 -1.05E-03  2.73E-06  1.67E-03  3.97E-03  6.43E-03  7.02E-03
    12.0       -2.35E-03 -2.38E-03 -2.19E-03 -1.41E-03  3.43E-06  2.03E-03  4.67E-03  7.44E-03  8.10E-03
    14.0       -3.40E-03 -3.36E-03 -2.88E-03 -1.75E-03  4.12E-06  2.37E-03  5.36E-03  8.42E-03  9.14E-03
0***NDM PRINTED WHEN NO DATCOM METHODS EXIST
 Return to main program from M57O71
1 END OF JOB.
